<?xml version="1.0" encoding="UTF-8"?>
<!-- Generated by org.testng.reporters.JUnitXMLReporter -->
<testsuite hostname="DESKTOP-B697F0M" failures="0" tests="9" name="Test" time="259.515" errors="0" timestamp="4 Jun 2024 16:24:08 GMT">
  <testcase classname="com.tutorialsninja.qa.testcases.Register" name="verifyregisteringaccountwithmandatoryfields" time="3.49"/>
  <testcase classname="com.tutorialsninja.qa.testcases.Login" name="DataDrivenTest" time="1.736"/>
  <testcase classname="com.tutorialsninja.qa.testcases.Login" name="DataDrivenTest" time="1.483"/>
  <testcase classname="com.tutorialsninja.qa.testcases.Login" name="DataDrivenTest" time="1.815"/>
  <testcase classname="com.tutorialsninja.qa.testcases.Login" name="verifyloginwithvalidcredentials" time="1.373"/>
  <testcase classname="com.tutorialsninja.qa.testcases.Login" name="verifyloginwithinvalidcredendials" time="2.187"/>
  <testcase classname="com.tutorialsninja.qa.testcases.Login" name="verifyloginwithinvalidemailandvalidpassword" time="1.253"/>
  <testcase classname="com.tutorialsninja.qa.testcases.Login" name="verifyloginwithvalidemailandinvalidpassword" time="1.227"/>
  <testcase classname="com.tutorialsninja.qa.testcases.Login" name="verifyloginwithoutprovidingemailandpassword" time="0.968"/>
</testsuite> <!-- Test -->
