<?xml version="1.0" encoding="UTF-8"?>
<testng-results total="9" passed="9" failed="0" skipped="0">
  <reporter-output>
  </reporter-output>
  <suite started-at="2024-06-04T16:19:48Z" name="Suite" finished-at="2024-06-04T16:24:08Z" duration-ms="259515">
    <groups>
    </groups>
    <test started-at="2024-06-04T16:19:48Z" name="Test" finished-at="2024-06-04T16:24:08Z" duration-ms="259515">
      <class name="com.tutorialsninja.qa.testcases.Register">
        <test-method is-config="true" signature="setup()[pri:0, instance:com.tutorialsninja.qa.testcases.Register@21ba0741]" started-at="2024-06-04T21:49:49Z" name="setup" finished-at="2024-06-04T21:50:35Z" duration-ms="46455" status="PASS">
          <reporter-output>
          </reporter-output>
        </test-method> <!-- setup -->
        <test-method signature="verifyregisteringaccountwithmandatoryfields()[pri:0, instance:com.tutorialsninja.qa.testcases.Register@21ba0741]" started-at="2024-06-04T21:50:35Z" name="verifyregisteringaccountwithmandatoryfields" finished-at="2024-06-04T21:50:39Z" duration-ms="3490" status="PASS">
          <reporter-output>
          </reporter-output>
        </test-method> <!-- verifyregisteringaccountwithmandatoryfields -->
        <test-method is-config="true" signature="teardown()[pri:0, instance:com.tutorialsninja.qa.testcases.Register@21ba0741]" started-at="2024-06-04T21:50:39Z" name="teardown" finished-at="2024-06-04T21:50:40Z" duration-ms="1315" status="PASS">
          <reporter-output>
          </reporter-output>
        </test-method> <!-- teardown -->
      </class> <!-- com.tutorialsninja.qa.testcases.Register -->
      <class name="com.tutorialsninja.qa.testcases.Login">
        <test-method is-config="true" signature="setup()[pri:0, instance:com.tutorialsninja.qa.testcases.Login@58ce9668]" started-at="2024-06-04T21:50:51Z" name="setup" finished-at="2024-06-04T21:51:09Z" duration-ms="18355" status="PASS">
          <reporter-output>
          </reporter-output>
        </test-method> <!-- setup -->
        <test-method signature="DataDrivenTest(java.lang.String, java.lang.String)[pri:1, instance:com.tutorialsninja.qa.testcases.Login@58ce9668]" started-at="2024-06-04T21:51:09Z" name="DataDrivenTest" data-provider="testdata" finished-at="2024-06-04T21:51:11Z" duration-ms="1736" status="PASS">
          <params>
            <param index="0">
              <value>
                <![CDATA[niharikadevangam123@gmail.com]]>
              </value>
            </param>
            <param index="1">
              <value>
                <![CDATA[12345]]>
              </value>
            </param>
          </params>
          <reporter-output>
          </reporter-output>
        </test-method> <!-- DataDrivenTest -->
        <test-method is-config="true" signature="teardown()[pri:0, instance:com.tutorialsninja.qa.testcases.Login@58ce9668]" started-at="2024-06-04T21:51:11Z" name="teardown" finished-at="2024-06-04T21:51:11Z" duration-ms="453" status="PASS">
          <reporter-output>
          </reporter-output>
        </test-method> <!-- teardown -->
        <test-method is-config="true" signature="setup()[pri:0, instance:com.tutorialsninja.qa.testcases.Login@58ce9668]" started-at="2024-06-04T21:51:11Z" name="setup" finished-at="2024-06-04T21:51:31Z" duration-ms="20063" status="PASS">
          <reporter-output>
          </reporter-output>
        </test-method> <!-- setup -->
        <test-method signature="DataDrivenTest(java.lang.String, java.lang.String)[pri:1, instance:com.tutorialsninja.qa.testcases.Login@58ce9668]" started-at="2024-06-04T21:51:31Z" name="DataDrivenTest" data-provider="testdata" finished-at="2024-06-04T21:51:33Z" duration-ms="1483" status="PASS">
          <params>
            <param index="0">
              <value>
                <![CDATA[niharikadevangam123@gmail.com]]>
              </value>
            </param>
            <param index="1">
              <value>
                <![CDATA[12345]]>
              </value>
            </param>
          </params>
          <reporter-output>
          </reporter-output>
        </test-method> <!-- DataDrivenTest -->
        <test-method is-config="true" signature="teardown()[pri:0, instance:com.tutorialsninja.qa.testcases.Login@58ce9668]" started-at="2024-06-04T21:51:33Z" name="teardown" finished-at="2024-06-04T21:51:33Z" duration-ms="736" status="PASS">
          <reporter-output>
          </reporter-output>
        </test-method> <!-- teardown -->
        <test-method is-config="true" signature="setup()[pri:0, instance:com.tutorialsninja.qa.testcases.Login@58ce9668]" started-at="2024-06-04T21:51:33Z" name="setup" finished-at="2024-06-04T21:51:56Z" duration-ms="22960" status="PASS">
          <reporter-output>
          </reporter-output>
        </test-method> <!-- setup -->
        <test-method signature="DataDrivenTest(java.lang.String, java.lang.String)[pri:1, instance:com.tutorialsninja.qa.testcases.Login@58ce9668]" started-at="2024-06-04T21:51:56Z" name="DataDrivenTest" data-provider="testdata" finished-at="2024-06-04T21:51:58Z" duration-ms="1815" status="PASS">
          <params>
            <param index="0">
              <value>
                <![CDATA[niharikadevangam123@gmail.com]]>
              </value>
            </param>
            <param index="1">
              <value>
                <![CDATA[12345]]>
              </value>
            </param>
          </params>
          <reporter-output>
          </reporter-output>
        </test-method> <!-- DataDrivenTest -->
        <test-method is-config="true" signature="teardown()[pri:0, instance:com.tutorialsninja.qa.testcases.Login@58ce9668]" started-at="2024-06-04T21:51:58Z" name="teardown" finished-at="2024-06-04T21:51:59Z" duration-ms="1078" status="PASS">
          <reporter-output>
          </reporter-output>
        </test-method> <!-- teardown -->
        <test-method is-config="true" signature="setup()[pri:0, instance:com.tutorialsninja.qa.testcases.Login@58ce9668]" started-at="2024-06-04T21:51:59Z" name="setup" finished-at="2024-06-04T21:52:16Z" duration-ms="16813" status="PASS">
          <reporter-output>
          </reporter-output>
        </test-method> <!-- setup -->
        <test-method signature="verifyloginwithvalidcredentials()[pri:2, instance:com.tutorialsninja.qa.testcases.Login@58ce9668]" started-at="2024-06-04T21:52:16Z" name="verifyloginwithvalidcredentials" finished-at="2024-06-04T21:52:18Z" duration-ms="1373" status="PASS">
          <reporter-output>
          </reporter-output>
        </test-method> <!-- verifyloginwithvalidcredentials -->
        <test-method is-config="true" signature="teardown()[pri:0, instance:com.tutorialsninja.qa.testcases.Login@58ce9668]" started-at="2024-06-04T21:52:18Z" name="teardown" finished-at="2024-06-04T21:52:18Z" duration-ms="558" status="PASS">
          <reporter-output>
          </reporter-output>
        </test-method> <!-- teardown -->
        <test-method is-config="true" signature="setup()[pri:0, instance:com.tutorialsninja.qa.testcases.Login@58ce9668]" started-at="2024-06-04T21:52:18Z" name="setup" finished-at="2024-06-04T21:52:37Z" duration-ms="19268" status="PASS">
          <reporter-output>
          </reporter-output>
        </test-method> <!-- setup -->
        <test-method signature="verifyloginwithinvalidcredendials()[pri:3, instance:com.tutorialsninja.qa.testcases.Login@58ce9668]" started-at="2024-06-04T21:52:37Z" name="verifyloginwithinvalidcredendials" finished-at="2024-06-04T21:52:40Z" duration-ms="2187" status="PASS">
          <reporter-output>
          </reporter-output>
        </test-method> <!-- verifyloginwithinvalidcredendials -->
        <test-method is-config="true" signature="teardown()[pri:0, instance:com.tutorialsninja.qa.testcases.Login@58ce9668]" started-at="2024-06-04T21:52:40Z" name="teardown" finished-at="2024-06-04T21:52:44Z" duration-ms="3977" status="PASS">
          <reporter-output>
          </reporter-output>
        </test-method> <!-- teardown -->
        <test-method is-config="true" signature="setup()[pri:0, instance:com.tutorialsninja.qa.testcases.Login@58ce9668]" started-at="2024-06-04T21:52:44Z" name="setup" finished-at="2024-06-04T21:53:08Z" duration-ms="24862" status="PASS">
          <reporter-output>
          </reporter-output>
        </test-method> <!-- setup -->
        <test-method signature="verifyloginwithinvalidemailandvalidpassword()[pri:4, instance:com.tutorialsninja.qa.testcases.Login@58ce9668]" started-at="2024-06-04T21:53:08Z" name="verifyloginwithinvalidemailandvalidpassword" finished-at="2024-06-04T21:53:10Z" duration-ms="1253" status="PASS">
          <reporter-output>
          </reporter-output>
        </test-method> <!-- verifyloginwithinvalidemailandvalidpassword -->
        <test-method is-config="true" signature="teardown()[pri:0, instance:com.tutorialsninja.qa.testcases.Login@58ce9668]" started-at="2024-06-04T21:53:10Z" name="teardown" finished-at="2024-06-04T21:53:14Z" duration-ms="4653" status="PASS">
          <reporter-output>
          </reporter-output>
        </test-method> <!-- teardown -->
        <test-method is-config="true" signature="setup()[pri:0, instance:com.tutorialsninja.qa.testcases.Login@58ce9668]" started-at="2024-06-04T21:53:14Z" name="setup" finished-at="2024-06-04T21:53:38Z" duration-ms="23476" status="PASS">
          <reporter-output>
          </reporter-output>
        </test-method> <!-- setup -->
        <test-method signature="verifyloginwithvalidemailandinvalidpassword()[pri:5, instance:com.tutorialsninja.qa.testcases.Login@58ce9668]" started-at="2024-06-04T21:53:38Z" name="verifyloginwithvalidemailandinvalidpassword" finished-at="2024-06-04T21:53:39Z" duration-ms="1227" status="PASS">
          <reporter-output>
          </reporter-output>
        </test-method> <!-- verifyloginwithvalidemailandinvalidpassword -->
        <test-method is-config="true" signature="teardown()[pri:0, instance:com.tutorialsninja.qa.testcases.Login@58ce9668]" started-at="2024-06-04T21:53:39Z" name="teardown" finished-at="2024-06-04T21:53:44Z" duration-ms="5475" status="PASS">
          <reporter-output>
          </reporter-output>
        </test-method> <!-- teardown -->
        <test-method is-config="true" signature="setup()[pri:0, instance:com.tutorialsninja.qa.testcases.Login@58ce9668]" started-at="2024-06-04T21:53:44Z" name="setup" finished-at="2024-06-04T21:54:04Z" duration-ms="19859" status="PASS">
          <reporter-output>
          </reporter-output>
        </test-method> <!-- setup -->
        <test-method signature="verifyloginwithoutprovidingemailandpassword()[pri:6, instance:com.tutorialsninja.qa.testcases.Login@58ce9668]" started-at="2024-06-04T21:54:04Z" name="verifyloginwithoutprovidingemailandpassword" finished-at="2024-06-04T21:54:05Z" duration-ms="968" status="PASS">
          <reporter-output>
          </reporter-output>
        </test-method> <!-- verifyloginwithoutprovidingemailandpassword -->
        <test-method is-config="true" signature="teardown()[pri:0, instance:com.tutorialsninja.qa.testcases.Login@58ce9668]" started-at="2024-06-04T21:54:05Z" name="teardown" finished-at="2024-06-04T21:54:08Z" duration-ms="2349" status="PASS">
          <reporter-output>
          </reporter-output>
        </test-method> <!-- teardown -->
      </class> <!-- com.tutorialsninja.qa.testcases.Login -->
    </test> <!-- Test -->
  </suite> <!-- Suite -->
</testng-results>
